<?xml version="1.0" encoding="UTF-8"?>
<!-- Generated by org.testng.reporters.JUnitReportReporter -->
<testsuite hostname="LAPTOP-8EUUTR5P" failures="0" tests="6" name="com.infoDrive.tests.ValidationTest" time="316.804" errors="0" timestamp="2021-05-02T12:59:22 IST" skipped="2">
  <testcase classname="com.infoDrive.tests.ValidationTest" name="validationTest" time="30.861"/>
  <system-out/>
  <testcase classname="com.infoDrive.tests.ValidationTest" name="validationtest2" time="40.902"/>
  <system-out/>
  <testcase classname="com.infoDrive.tests.ValidationTest" name="validationtest3" time="41.866"/>
  <system-out/>
  <testcase classname="com.infoDrive.tests.ValidationTest" name="validationtest7" time="203.175"/>
  <system-out/>
  <testcase classname="com.infoDrive.tests.ValidationTest" name="validationtest6">
    <skipped/>
  </testcase> <!-- validationtest6 -->
  <system-out/>
  <testcase classname="com.infoDrive.tests.ValidationTest" name="validationtest5">
    <skipped/>
  </testcase> <!-- validationtest5 -->
  <system-out/>
</testsuite> <!-- com.infoDrive.tests.ValidationTest -->
