<?xml version="1.0" encoding="UTF-8"?>
<!-- Generated by org.testng.reporters.JUnitReportReporter -->
<testsuite hostname="LAPTOP-8EUUTR5P" failures="0" tests="1" name="infoDrive.NewJobSubmissionTest" time="8.283" errors="0" timestamp="2021-04-25T13:57:48 IST" skipped="0">
  <testcase classname="infoDrive.NewJobSubmissionTest" name="test" time="8.283"/>
  <system-out/>
</testsuite> <!-- infoDrive.NewJobSubmissionTest -->
