<?xml version="1.0" encoding="UTF-8"?>
<!-- Generated by org.testng.reporters.JUnitReportReporter -->
<testsuite hostname="LAPTOP-8EUUTR5P" failures="0" tests="3" name="com.infoDrive.tests.FieldMappingTest" time="67.742" errors="0" timestamp="2021-05-16T12:50:02 IST" skipped="0">
  <testcase classname="com.infoDrive.tests.FieldMappingTest" name="deleteGroup" time="15.824"/>
  <system-out/>
  <testcase classname="com.infoDrive.tests.FieldMappingTest" name="test1" time="36.559"/>
  <system-out/>
  <testcase classname="com.infoDrive.tests.FieldMappingTest" name="editGroup" time="15.359"/>
  <system-out/>
</testsuite> <!-- com.infoDrive.tests.FieldMappingTest -->
